{"/Users/tommy/SonoTommy/carrot-scan/scanner.js": {"path":"/Users/tommy/SonoTommy/carrot-scan/scanner.js","statementMap":{"0":{"start":{"line":3,"column":2},"end":{"line":10,"column":3}},"1":{"start":{"line":4,"column":4},"end":{"line":9,"column":6}},"2":{"start":{"line":11,"column":2},"end":{"line":16,"column":4}}},"fnMap":{"0":{"name":"scan","decl":{"start":{"line":2,"column":22},"end":{"line":2,"column":26}},"loc":{"start":{"line":2,"column":41},"end":{"line":17,"column":1}},"line":2}},"branchMap":{"0":{"loc":{"start":{"line":3,"column":2},"end":{"line":10,"column":3}},"type":"if","locations":[{"start":{"line":3,"column":2},"end":{"line":10,"column":3}},{"start":{},"end":{}}],"line":3}},"s":{"0":2,"1":1,"2":1},"f":{"0":2},"b":{"0":[1,1]},"inputSourceMap":null,"_coverageSchema":"1a1c01bbd47fc00a2c39e90264f33305004495a9","hash":"3aaa2206e03cf59f347fdb85ac4a2bf826a5784a"}
}
