{"/Users/tommy/SonoTommy/carrot-scan/scanner.js": {"path":"/Users/tommy/SonoTommy/carrot-scan/scanner.js","statementMap":{"0":{"start":{"line":15,"column":16},"end":{"line":23,"column":1}},"1":{"start":{"line":25,"column":23},"end":{"line":33,"column":1}},"2":{"start":{"line":41,"column":24},"end":{"line":41,"column":99}},"3":{"start":{"line":41,"column":53},"end":{"line":41,"column":88}},"4":{"start":{"line":42,"column":2},"end":{"line":44,"column":3}},"5":{"start":{"line":43,"column":4},"end":{"line":43,"column":51}},"6":{"start":{"line":46,"column":2},"end":{"line":145,"column":3}},"7":{"start":{"line":47,"column":20},"end":{"line":47,"column":38}},"8":{"start":{"line":48,"column":4},"end":{"line":143,"column":7}},"9":{"start":{"line":49,"column":6},"end":{"line":142,"column":7}},"10":{"start":{"line":50,"column":8},"end":{"line":50,"column":42}},"11":{"start":{"line":53,"column":22},"end":{"line":53,"column":43}},"12":{"start":{"line":55,"column":8},"end":{"line":72,"column":9}},"13":{"start":{"line":56,"column":26},"end":{"line":60,"column":48}},"14":{"start":{"line":60,"column":24},"end":{"line":60,"column":47}},"15":{"start":{"line":61,"column":10},"end":{"line":61,"column":29}},"16":{"start":{"line":63,"column":10},"end":{"line":71,"column":37}},"17":{"start":{"line":73,"column":8},"end":{"line":83,"column":9}},"18":{"start":{"line":74,"column":10},"end":{"line":81,"column":13}},"19":{"start":{"line":82,"column":10},"end":{"line":82,"column":17}},"20":{"start":{"line":85,"column":30},"end":{"line":85,"column":32}},"21":{"start":{"line":86,"column":8},"end":{"line":111,"column":9}},"22":{"start":{"line":87,"column":32},"end":{"line":87,"column":99}},"23":{"start":{"line":87,"column":62},"end":{"line":87,"column":98}},"24":{"start":{"line":88,"column":10},"end":{"line":88,"column":46}},"25":{"start":{"line":88,"column":37},"end":{"line":88,"column":46}},"26":{"start":{"line":89,"column":10},"end":{"line":96,"column":11}},"27":{"start":{"line":90,"column":28},"end":{"line":90,"column":63}},"28":{"start":{"line":91,"column":28},"end":{"line":91,"column":81}},"29":{"start":{"line":92,"column":12},"end":{"line":95,"column":13}},"30":{"start":{"line":93,"column":14},"end":{"line":93,"column":36}},"31":{"start":{"line":94,"column":14},"end":{"line":94,"column":46}},"32":{"start":{"line":97,"column":10},"end":{"line":110,"column":11}},"33":{"start":{"line":98,"column":34},"end":{"line":98,"column":97}},"34":{"start":{"line":98,"column":62},"end":{"line":98,"column":89}},"35":{"start":{"line":99,"column":12},"end":{"line":109,"column":13}},"36":{"start":{"line":100,"column":14},"end":{"line":107,"column":17}},"37":{"start":{"line":108,"column":14},"end":{"line":108,"column":21}},"38":{"start":{"line":113,"column":20},"end":{"line":113,"column":23}},"39":{"start":{"line":114,"column":25},"end":{"line":114,"column":27}},"40":{"start":{"line":115,"column":8},"end":{"line":119,"column":9}},"41":{"start":{"line":116,"column":25},"end":{"line":116,"column":58}},"42":{"start":{"line":117,"column":10},"end":{"line":117,"column":26}},"43":{"start":{"line":118,"column":10},"end":{"line":118,"column":50}},"44":{"start":{"line":118,"column":25},"end":{"line":118,"column":50}},"45":{"start":{"line":120,"column":8},"end":{"line":120,"column":35}},"46":{"start":{"line":123,"column":10},"end":{"line":131,"column":25}},"47":{"start":{"line":132,"column":8},"end":{"line":139,"column":11}},"48":{"start":{"line":141,"column":8},"end":{"line":141,"column":35}},"49":{"start":{"line":144,"column":4},"end":{"line":144,"column":19}},"50":{"start":{"line":148,"column":16},"end":{"line":148,"column":37}},"51":{"start":{"line":151,"column":2},"end":{"line":168,"column":3}},"52":{"start":{"line":152,"column":20},"end":{"line":156,"column":42}},"53":{"start":{"line":156,"column":18},"end":{"line":156,"column":41}},"54":{"start":{"line":157,"column":4},"end":{"line":157,"column":23}},"55":{"start":{"line":159,"column":4},"end":{"line":167,"column":31}},"56":{"start":{"line":170,"column":2},"end":{"line":179,"column":3}},"57":{"start":{"line":171,"column":4},"end":{"line":178,"column":6}},"58":{"start":{"line":182,"column":24},"end":{"line":182,"column":26}},"59":{"start":{"line":183,"column":2},"end":{"line":206,"column":3}},"60":{"start":{"line":184,"column":26},"end":{"line":184,"column":93}},"61":{"start":{"line":184,"column":56},"end":{"line":184,"column":92}},"62":{"start":{"line":185,"column":4},"end":{"line":185,"column":40}},"63":{"start":{"line":185,"column":31},"end":{"line":185,"column":40}},"64":{"start":{"line":187,"column":4},"end":{"line":191,"column":5}},"65":{"start":{"line":188,"column":22},"end":{"line":188,"column":57}},"66":{"start":{"line":189,"column":22},"end":{"line":189,"column":75}},"67":{"start":{"line":190,"column":6},"end":{"line":190,"column":53}},"68":{"start":{"line":190,"column":31},"end":{"line":190,"column":53}},"69":{"start":{"line":193,"column":4},"end":{"line":205,"column":5}},"70":{"start":{"line":194,"column":28},"end":{"line":194,"column":91}},"71":{"start":{"line":194,"column":56},"end":{"line":194,"column":83}},"72":{"start":{"line":195,"column":6},"end":{"line":204,"column":7}},"73":{"start":{"line":196,"column":8},"end":{"line":203,"column":10}},"74":{"start":{"line":209,"column":14},"end":{"line":209,"column":17}},"75":{"start":{"line":210,"column":19},"end":{"line":210,"column":21}},"76":{"start":{"line":211,"column":2},"end":{"line":215,"column":3}},"77":{"start":{"line":212,"column":19},"end":{"line":212,"column":52}},"78":{"start":{"line":213,"column":4},"end":{"line":213,"column":20}},"79":{"start":{"line":214,"column":4},"end":{"line":214,"column":44}},"80":{"start":{"line":214,"column":19},"end":{"line":214,"column":44}},"81":{"start":{"line":216,"column":2},"end":{"line":216,"column":29}},"82":{"start":{"line":220,"column":4},"end":{"line":228,"column":19}},"83":{"start":{"line":230,"column":2},"end":{"line":237,"column":4}}},"fnMap":{"0":{"name":"scan","decl":{"start":{"line":40,"column":22},"end":{"line":40,"column":26}},"loc":{"start":{"line":40,"column":114},"end":{"line":238,"column":1}},"line":40},"1":{"name":"(anonymous_1)","decl":{"start":{"line":41,"column":48},"end":{"line":41,"column":49}},"loc":{"start":{"line":41,"column":53},"end":{"line":41,"column":88}},"line":41},"2":{"name":"(anonymous_2)","decl":{"start":{"line":48,"column":21},"end":{"line":48,"column":22}},"loc":{"start":{"line":48,"column":33},"end":{"line":143,"column":5}},"line":48},"3":{"name":"(anonymous_3)","decl":{"start":{"line":60,"column":17},"end":{"line":60,"column":18}},"loc":{"start":{"line":60,"column":24},"end":{"line":60,"column":47}},"line":60},"4":{"name":"(anonymous_4)","decl":{"start":{"line":87,"column":48},"end":{"line":87,"column":49}},"loc":{"start":{"line":87,"column":62},"end":{"line":87,"column":98}},"line":87},"5":{"name":"(anonymous_5)","decl":{"start":{"line":98,"column":55},"end":{"line":98,"column":56}},"loc":{"start":{"line":98,"column":62},"end":{"line":98,"column":89}},"line":98},"6":{"name":"(anonymous_6)","decl":{"start":{"line":156,"column":11},"end":{"line":156,"column":12}},"loc":{"start":{"line":156,"column":18},"end":{"line":156,"column":41}},"line":156},"7":{"name":"(anonymous_7)","decl":{"start":{"line":184,"column":42},"end":{"line":184,"column":43}},"loc":{"start":{"line":184,"column":56},"end":{"line":184,"column":92}},"line":184},"8":{"name":"(anonymous_8)","decl":{"start":{"line":194,"column":49},"end":{"line":194,"column":50}},"loc":{"start":{"line":194,"column":56},"end":{"line":194,"column":83}},"line":194}},"branchMap":{"0":{"loc":{"start":{"line":40,"column":35},"end":{"line":40,"column":112}},"type":"default-arg","locations":[{"start":{"line":40,"column":110},"end":{"line":40,"column":112}}],"line":40},"1":{"loc":{"start":{"line":40,"column":37},"end":{"line":40,"column":53}},"type":"default-arg","locations":[{"start":{"line":40,"column":44},"end":{"line":40,"column":53}}],"line":40},"2":{"loc":{"start":{"line":40,"column":55},"end":{"line":40,"column":74}},"type":"default-arg","locations":[{"start":{"line":40,"column":69},"end":{"line":40,"column":74}}],"line":40},"3":{"loc":{"start":{"line":40,"column":76},"end":{"line":40,"column":90}},"type":"default-arg","locations":[{"start":{"line":40,"column":85},"end":{"line":40,"column":90}}],"line":40},"4":{"loc":{"start":{"line":40,"column":92},"end":{"line":40,"column":105}},"type":"default-arg","locations":[{"start":{"line":40,"column":101},"end":{"line":40,"column":105}}],"line":40},"5":{"loc":{"start":{"line":41,"column":24},"end":{"line":41,"column":99}},"type":"cond-expr","locations":[{"start":{"line":41,"column":33},"end":{"line":41,"column":89}},{"start":{"line":41,"column":92},"end":{"line":41,"column":99}}],"line":41},"6":{"loc":{"start":{"line":42,"column":2},"end":{"line":44,"column":3}},"type":"if","locations":[{"start":{"line":42,"column":2},"end":{"line":44,"column":3}},{"start":{},"end":{}}],"line":42},"7":{"loc":{"start":{"line":42,"column":6},"end":{"line":42,"column":37}},"type":"binary-expr","locations":[{"start":{"line":42,"column":6},"end":{"line":42,"column":12}},{"start":{"line":42,"column":16},"end":{"line":42,"column":37}}],"line":42},"8":{"loc":{"start":{"line":46,"column":2},"end":{"line":145,"column":3}},"type":"if","locations":[{"start":{"line":46,"column":2},"end":{"line":145,"column":3}},{"start":{},"end":{}}],"line":46},"9":{"loc":{"start":{"line":55,"column":8},"end":{"line":72,"column":9}},"type":"if","locations":[{"start":{"line":55,"column":8},"end":{"line":72,"column":9}},{"start":{"line":62,"column":15},"end":{"line":72,"column":9}}],"line":55},"10":{"loc":{"start":{"line":55,"column":12},"end":{"line":55,"column":46}},"type":"binary-expr","locations":[{"start":{"line":55,"column":12},"end":{"line":55,"column":23}},{"start":{"line":55,"column":27},"end":{"line":55,"column":46}}],"line":55},"11":{"loc":{"start":{"line":63,"column":21},"end":{"line":71,"column":36}},"type":"cond-expr","locations":[{"start":{"line":64,"column":14},"end":{"line":70,"column":16}},{"start":{"line":71,"column":14},"end":{"line":71,"column":36}}],"line":63},"12":{"loc":{"start":{"line":73,"column":8},"end":{"line":83,"column":9}},"type":"if","locations":[{"start":{"line":73,"column":8},"end":{"line":83,"column":9}},{"start":{},"end":{}}],"line":73},"13":{"loc":{"start":{"line":88,"column":10},"end":{"line":88,"column":46}},"type":"if","locations":[{"start":{"line":88,"column":10},"end":{"line":88,"column":46}},{"start":{},"end":{}}],"line":88},"14":{"loc":{"start":{"line":97,"column":10},"end":{"line":110,"column":11}},"type":"if","locations":[{"start":{"line":97,"column":10},"end":{"line":110,"column":11}},{"start":{},"end":{}}],"line":97},"15":{"loc":{"start":{"line":99,"column":12},"end":{"line":109,"column":13}},"type":"if","locations":[{"start":{"line":99,"column":12},"end":{"line":109,"column":13}},{"start":{},"end":{}}],"line":99},"16":{"loc":{"start":{"line":116,"column":25},"end":{"line":116,"column":58}},"type":"binary-expr","locations":[{"start":{"line":116,"column":25},"end":{"line":116,"column":53}},{"start":{"line":116,"column":57},"end":{"line":116,"column":58}}],"line":116},"17":{"loc":{"start":{"line":118,"column":10},"end":{"line":118,"column":50}},"type":"if","locations":[{"start":{"line":118,"column":10},"end":{"line":118,"column":50}},{"start":{},"end":{}}],"line":118},"18":{"loc":{"start":{"line":123,"column":10},"end":{"line":131,"column":25}},"type":"cond-expr","locations":[{"start":{"line":124,"column":14},"end":{"line":124,"column":25}},{"start":{"line":125,"column":14},"end":{"line":131,"column":25}}],"line":123},"19":{"loc":{"start":{"line":125,"column":14},"end":{"line":131,"column":25}},"type":"cond-expr","locations":[{"start":{"line":126,"column":16},"end":{"line":126,"column":22}},{"start":{"line":127,"column":16},"end":{"line":131,"column":25}}],"line":125},"20":{"loc":{"start":{"line":127,"column":16},"end":{"line":131,"column":25}},"type":"cond-expr","locations":[{"start":{"line":128,"column":18},"end":{"line":128,"column":24}},{"start":{"line":129,"column":18},"end":{"line":131,"column":25}}],"line":127},"21":{"loc":{"start":{"line":129,"column":18},"end":{"line":131,"column":25}},"type":"cond-expr","locations":[{"start":{"line":130,"column":20},"end":{"line":130,"column":26}},{"start":{"line":131,"column":20},"end":{"line":131,"column":25}}],"line":129},"22":{"loc":{"start":{"line":138,"column":20},"end":{"line":138,"column":68}},"type":"cond-expr","locations":[{"start":{"line":138,"column":39},"end":{"line":138,"column":40}},{"start":{"line":138,"column":43},"end":{"line":138,"column":68}}],"line":138},"23":{"loc":{"start":{"line":138,"column":43},"end":{"line":138,"column":68}},"type":"cond-expr","locations":[{"start":{"line":138,"column":63},"end":{"line":138,"column":64}},{"start":{"line":138,"column":67},"end":{"line":138,"column":68}}],"line":138},"24":{"loc":{"start":{"line":151,"column":2},"end":{"line":168,"column":3}},"type":"if","locations":[{"start":{"line":151,"column":2},"end":{"line":168,"column":3}},{"start":{"line":158,"column":9},"end":{"line":168,"column":3}}],"line":151},"25":{"loc":{"start":{"line":151,"column":6},"end":{"line":151,"column":40}},"type":"binary-expr","locations":[{"start":{"line":151,"column":6},"end":{"line":151,"column":17}},{"start":{"line":151,"column":21},"end":{"line":151,"column":40}}],"line":151},"26":{"loc":{"start":{"line":159,"column":15},"end":{"line":167,"column":30}},"type":"cond-expr","locations":[{"start":{"line":160,"column":8},"end":{"line":166,"column":10}},{"start":{"line":167,"column":8},"end":{"line":167,"column":30}}],"line":159},"27":{"loc":{"start":{"line":170,"column":2},"end":{"line":179,"column":3}},"type":"if","locations":[{"start":{"line":170,"column":2},"end":{"line":179,"column":3}},{"start":{},"end":{}}],"line":170},"28":{"loc":{"start":{"line":185,"column":4},"end":{"line":185,"column":40}},"type":"if","locations":[{"start":{"line":185,"column":4},"end":{"line":185,"column":40}},{"start":{},"end":{}}],"line":185},"29":{"loc":{"start":{"line":193,"column":4},"end":{"line":205,"column":5}},"type":"if","locations":[{"start":{"line":193,"column":4},"end":{"line":205,"column":5}},{"start":{},"end":{}}],"line":193},"30":{"loc":{"start":{"line":195,"column":6},"end":{"line":204,"column":7}},"type":"if","locations":[{"start":{"line":195,"column":6},"end":{"line":204,"column":7}},{"start":{},"end":{}}],"line":195},"31":{"loc":{"start":{"line":212,"column":19},"end":{"line":212,"column":52}},"type":"binary-expr","locations":[{"start":{"line":212,"column":19},"end":{"line":212,"column":47}},{"start":{"line":212,"column":51},"end":{"line":212,"column":52}}],"line":212},"32":{"loc":{"start":{"line":214,"column":4},"end":{"line":214,"column":44}},"type":"if","locations":[{"start":{"line":214,"column":4},"end":{"line":214,"column":44}},{"start":{},"end":{}}],"line":214},"33":{"loc":{"start":{"line":220,"column":4},"end":{"line":228,"column":19}},"type":"cond-expr","locations":[{"start":{"line":221,"column":8},"end":{"line":221,"column":19}},{"start":{"line":222,"column":8},"end":{"line":228,"column":19}}],"line":220},"34":{"loc":{"start":{"line":222,"column":8},"end":{"line":228,"column":19}},"type":"cond-expr","locations":[{"start":{"line":223,"column":10},"end":{"line":223,"column":16}},{"start":{"line":224,"column":10},"end":{"line":228,"column":19}}],"line":222},"35":{"loc":{"start":{"line":224,"column":10},"end":{"line":228,"column":19}},"type":"cond-expr","locations":[{"start":{"line":225,"column":12},"end":{"line":225,"column":18}},{"start":{"line":226,"column":12},"end":{"line":228,"column":19}}],"line":224},"36":{"loc":{"start":{"line":226,"column":12},"end":{"line":228,"column":19}},"type":"cond-expr","locations":[{"start":{"line":227,"column":14},"end":{"line":227,"column":20}},{"start":{"line":228,"column":14},"end":{"line":228,"column":19}}],"line":226},"37":{"loc":{"start":{"line":236,"column":14},"end":{"line":236,"column":62}},"type":"cond-expr","locations":[{"start":{"line":236,"column":33},"end":{"line":236,"column":34}},{"start":{"line":236,"column":37},"end":{"line":236,"column":62}}],"line":236},"38":{"loc":{"start":{"line":236,"column":37},"end":{"line":236,"column":62}},"type":"cond-expr","locations":[{"start":{"line":236,"column":57},"end":{"line":236,"column":58}},{"start":{"line":236,"column":61},"end":{"line":236,"column":62}}],"line":236}},"s":{"0":1,"1":1,"2":2,"3":7,"4":2,"5":0,"6":2,"7":0,"8":0,"9":0,"10":0,"11":0,"12":0,"13":0,"14":0,"15":0,"16":0,"17":0,"18":0,"19":0,"20":0,"21":0,"22":0,"23":0,"24":0,"25":0,"26":0,"27":0,"28":0,"29":0,"30":0,"31":0,"32":0,"33":0,"34":0,"35":0,"36":0,"37":0,"38":0,"39":0,"40":0,"41":0,"42":0,"43":0,"44":0,"45":0,"46":0,"47":0,"48":0,"49":0,"50":2,"51":2,"52":0,"53":0,"54":0,"55":2,"56":2,"57":1,"58":1,"59":1,"60":1,"61":2,"62":1,"63":0,"64":1,"65":2,"66":2,"67":2,"68":0,"69":1,"70":0,"71":0,"72":0,"73":0,"74":1,"75":1,"76":1,"77":0,"78":0,"79":0,"80":0,"81":1,"82":1,"83":1},"f":{"0":2,"1":7,"2":0,"3":0,"4":0,"5":0,"6":0,"7":2,"8":0},"b":{"0":[0],"1":[1],"2":[2],"3":[2],"4":[1],"5":[1,1],"6":[0,2],"7":[2,1],"8":[0,2],"9":[0,0],"10":[0,0],"11":[0,0],"12":[0,0],"13":[0,0],"14":[0,0],"15":[0,0],"16":[0,0],"17":[0,0],"18":[0,0],"19":[0,0],"20":[0,0],"21":[0,0],"22":[0,0],"23":[0,0],"24":[0,2],"25":[2,0],"26":[2,0],"27":[1,1],"28":[0,1],"29":[0,1],"30":[0,0],"31":[0,0],"32":[0,0],"33":[1,0],"34":[0,0],"35":[0,0],"36":[0,0],"37":[0,1],"38":[0,1]},"inputSourceMap":null,"_coverageSchema":"1a1c01bbd47fc00a2c39e90264f33305004495a9","hash":"eb404dbf9d7240872ff88c41359d81c4f47cf9a3"}
,"/Users/tommy/SonoTommy/carrot-scan/plugins/audit.js": {"path":"/Users/tommy/SonoTommy/carrot-scan/plugins/audit.js","statementMap":{"0":{"start":{"line":6,"column":13},"end":{"line":6,"column":32}},"1":{"start":{"line":9,"column":2},"end":{"line":24,"column":3}},"2":{"start":{"line":10,"column":23},"end":{"line":10,"column":70}},"3":{"start":{"line":11,"column":18},"end":{"line":11,"column":36}},"4":{"start":{"line":12,"column":18},"end":{"line":12,"column":48}},"5":{"start":{"line":13,"column":19},"end":{"line":13,"column":20}},"6":{"start":{"line":14,"column":13},"end":{"line":14,"column":14}},"7":{"start":{"line":15,"column":17},"end":{"line":15,"column":18}},"8":{"start":{"line":16,"column":4},"end":{"line":20,"column":5}},"9":{"start":{"line":17,"column":6},"end":{"line":17,"column":34}},"10":{"start":{"line":18,"column":6},"end":{"line":18,"column":26}},"11":{"start":{"line":19,"column":6},"end":{"line":19,"column":34}},"12":{"start":{"line":21,"column":4},"end":{"line":21,"column":50}},"13":{"start":{"line":23,"column":4},"end":{"line":23,"column":13}},"14":{"start":{"line":28,"column":22},"end":{"line":28,"column":29}},"15":{"start":{"line":31,"column":4},"end":{"line":31,"column":54}},"16":{"start":{"line":35,"column":23},"end":{"line":35,"column":48}},"17":{"start":{"line":36,"column":21},"end":{"line":36,"column":85}},"18":{"start":{"line":37,"column":4},"end":{"line":46,"column":6}}},"fnMap":{"0":{"name":"runNpmAudit","decl":{"start":{"line":8,"column":15},"end":{"line":8,"column":26}},"loc":{"start":{"line":8,"column":32},"end":{"line":25,"column":1}},"line":8},"1":{"name":"(anonymous_1)","decl":{"start":{"line":30,"column":2},"end":{"line":30,"column":3}},"loc":{"start":{"line":30,"column":27},"end":{"line":32,"column":3}},"line":30},"2":{"name":"(anonymous_2)","decl":{"start":{"line":34,"column":2},"end":{"line":34,"column":3}},"loc":{"start":{"line":34,"column":35},"end":{"line":47,"column":3}},"line":34}},"branchMap":{"0":{"loc":{"start":{"line":12,"column":18},"end":{"line":12,"column":48}},"type":"binary-expr","locations":[{"start":{"line":12,"column":18},"end":{"line":12,"column":39}},{"start":{"line":12,"column":43},"end":{"line":12,"column":48}}],"line":12},"1":{"loc":{"start":{"line":17,"column":18},"end":{"line":17,"column":33}},"type":"binary-expr","locations":[{"start":{"line":17,"column":18},"end":{"line":17,"column":28}},{"start":{"line":17,"column":32},"end":{"line":17,"column":33}}],"line":17},"2":{"loc":{"start":{"line":18,"column":14},"end":{"line":18,"column":25}},"type":"binary-expr","locations":[{"start":{"line":18,"column":14},"end":{"line":18,"column":20}},{"start":{"line":18,"column":24},"end":{"line":18,"column":25}}],"line":18},"3":{"loc":{"start":{"line":19,"column":18},"end":{"line":19,"column":33}},"type":"binary-expr","locations":[{"start":{"line":19,"column":18},"end":{"line":19,"column":28}},{"start":{"line":19,"column":32},"end":{"line":19,"column":33}}],"line":19},"4":{"loc":{"start":{"line":36,"column":21},"end":{"line":36,"column":85}},"type":"cond-expr","locations":[{"start":{"line":36,"column":39},"end":{"line":36,"column":46}},{"start":{"line":36,"column":49},"end":{"line":36,"column":85}}],"line":36},"5":{"loc":{"start":{"line":36,"column":49},"end":{"line":36,"column":85}},"type":"cond-expr","locations":[{"start":{"line":36,"column":67},"end":{"line":36,"column":76}},{"start":{"line":36,"column":79},"end":{"line":36,"column":85}}],"line":36}},"s":{"0":1,"1":0,"2":0,"3":0,"4":0,"5":0,"6":0,"7":0,"8":0,"9":0,"10":0,"11":0,"12":0,"13":0,"14":1,"15":0,"16":0,"17":0,"18":0},"f":{"0":0,"1":0,"2":0},"b":{"0":[0,0],"1":[0,0],"2":[0,0],"3":[0,0],"4":[0,0],"5":[0,0]},"inputSourceMap":null,"_coverageSchema":"1a1c01bbd47fc00a2c39e90264f33305004495a9","hash":"08bed56cff5da82313f952343b55925eab5e76a9"}
,"/Users/tommy/SonoTommy/carrot-scan/plugins/complexity.js": {"path":"/Users/tommy/SonoTommy/carrot-scan/plugins/complexity.js","statementMap":{"0":{"start":{"line":7,"column":22},"end":{"line":7,"column":34}},"1":{"start":{"line":10,"column":4},"end":{"line":10,"column":87}},"2":{"start":{"line":14,"column":19},"end":{"line":14,"column":51}},"3":{"start":{"line":15,"column":21},"end":{"line":15,"column":23}},"4":{"start":{"line":16,"column":4},"end":{"line":28,"column":5}},"5":{"start":{"line":17,"column":17},"end":{"line":17,"column":32}},"6":{"start":{"line":18,"column":6},"end":{"line":27,"column":7}},"7":{"start":{"line":19,"column":8},"end":{"line":26,"column":11}},"8":{"start":{"line":29,"column":4},"end":{"line":29,"column":20}}},"fnMap":{"0":{"name":"(anonymous_0)","decl":{"start":{"line":9,"column":2},"end":{"line":9,"column":3}},"loc":{"start":{"line":9,"column":23},"end":{"line":11,"column":3}},"line":9},"1":{"name":"(anonymous_1)","decl":{"start":{"line":13,"column":2},"end":{"line":13,"column":3}},"loc":{"start":{"line":13,"column":35},"end":{"line":30,"column":3}},"line":13}},"branchMap":{"0":{"loc":{"start":{"line":18,"column":6},"end":{"line":27,"column":7}},"type":"if","locations":[{"start":{"line":18,"column":6},"end":{"line":27,"column":7}},{"start":{},"end":{}}],"line":18}},"s":{"0":1,"1":0,"2":0,"3":0,"4":0,"5":0,"6":0,"7":0,"8":0},"f":{"0":0,"1":0},"b":{"0":[0,0]},"inputSourceMap":null,"_coverageSchema":"1a1c01bbd47fc00a2c39e90264f33305004495a9","hash":"5cd322b83aa8be540dab0530327352fbf1b2e558"}
,"/Users/tommy/SonoTommy/carrot-scan/plugins/critical.js": {"path":"/Users/tommy/SonoTommy/carrot-scan/plugins/critical.js","statementMap":{"0":{"start":{"line":5,"column":22},"end":{"line":5,"column":32}},"1":{"start":{"line":8,"column":4},"end":{"line":8,"column":16}},"2":{"start":{"line":12,"column":21},"end":{"line":16,"column":5}},"3":{"start":{"line":17,"column":21},"end":{"line":17,"column":23}},"4":{"start":{"line":18,"column":18},"end":{"line":18,"column":37}},"5":{"start":{"line":20,"column":4},"end":{"line":33,"column":5}},"6":{"start":{"line":21,"column":6},"end":{"line":32,"column":7}},"7":{"start":{"line":21,"column":19},"end":{"line":21,"column":20}},"8":{"start":{"line":22,"column":8},"end":{"line":31,"column":9}},"9":{"start":{"line":23,"column":10},"end":{"line":30,"column":13}},"10":{"start":{"line":34,"column":4},"end":{"line":34,"column":20}}},"fnMap":{"0":{"name":"(anonymous_0)","decl":{"start":{"line":7,"column":2},"end":{"line":7,"column":3}},"loc":{"start":{"line":7,"column":27},"end":{"line":9,"column":3}},"line":7},"1":{"name":"(anonymous_1)","decl":{"start":{"line":11,"column":2},"end":{"line":11,"column":3}},"loc":{"start":{"line":11,"column":35},"end":{"line":35,"column":3}},"line":11}},"branchMap":{"0":{"loc":{"start":{"line":22,"column":8},"end":{"line":31,"column":9}},"type":"if","locations":[{"start":{"line":22,"column":8},"end":{"line":31,"column":9}},{"start":{},"end":{}}],"line":22}},"s":{"0":1,"1":0,"2":0,"3":0,"4":0,"5":0,"6":0,"7":0,"8":0,"9":0,"10":0},"f":{"0":0,"1":0},"b":{"0":[0,0]},"inputSourceMap":null,"_coverageSchema":"1a1c01bbd47fc00a2c39e90264f33305004495a9","hash":"fc9346c91217d6b89a07da65c55460a1455a2df6"}
,"/Users/tommy/SonoTommy/carrot-scan/plugins/eslint.js": {"path":"/Users/tommy/SonoTommy/carrot-scan/plugins/eslint.js","statementMap":{"0":{"start":{"line":7,"column":19},"end":{"line":7,"column":49}},"1":{"start":{"line":8,"column":19},"end":{"line":8,"column":47}},"2":{"start":{"line":9,"column":18},"end":{"line":9,"column":76}},"3":{"start":{"line":10,"column":13},"end":{"line":10,"column":32}},"4":{"start":{"line":13,"column":22},"end":{"line":13,"column":30}},"5":{"start":{"line":16,"column":4},"end":{"line":16,"column":87}},"6":{"start":{"line":20,"column":4},"end":{"line":39,"column":5}},"7":{"start":{"line":21,"column":19},"end":{"line":21,"column":49}},"8":{"start":{"line":22,"column":25},"end":{"line":22,"column":52}},"9":{"start":{"line":23,"column":22},"end":{"line":23,"column":40}},"10":{"start":{"line":24,"column":25},"end":{"line":24,"column":74}},"11":{"start":{"line":24,"column":52},"end":{"line":24,"column":70}},"12":{"start":{"line":25,"column":6},"end":{"line":36,"column":7}},"13":{"start":{"line":26,"column":8},"end":{"line":35,"column":10}},"14":{"start":{"line":40,"column":4},"end":{"line":40,"column":14}}},"fnMap":{"0":{"name":"(anonymous_0)","decl":{"start":{"line":15,"column":2},"end":{"line":15,"column":3}},"loc":{"start":{"line":15,"column":23},"end":{"line":17,"column":3}},"line":15},"1":{"name":"(anonymous_1)","decl":{"start":{"line":19,"column":2},"end":{"line":19,"column":3}},"loc":{"start":{"line":19,"column":35},"end":{"line":41,"column":3}},"line":19},"2":{"name":"(anonymous_2)","decl":{"start":{"line":24,"column":40},"end":{"line":24,"column":41}},"loc":{"start":{"line":24,"column":52},"end":{"line":24,"column":70}},"line":24}},"branchMap":{"0":{"loc":{"start":{"line":25,"column":6},"end":{"line":36,"column":7}},"type":"if","locations":[{"start":{"line":25,"column":6},"end":{"line":36,"column":7}},{"start":{},"end":{}}],"line":25}},"s":{"0":1,"1":1,"2":1,"3":1,"4":1,"5":2,"6":2,"7":2,"8":2,"9":2,"10":2,"11":2,"12":2,"13":0,"14":2},"f":{"0":2,"1":2,"2":2},"b":{"0":[0,2]},"inputSourceMap":null,"_coverageSchema":"1a1c01bbd47fc00a2c39e90264f33305004495a9","hash":"6df2c415b814d7dce45bc64210391f1ced78c8eb"}
,"/Users/tommy/SonoTommy/carrot-scan/plugins/heuristic.js": {"path":"/Users/tommy/SonoTommy/carrot-scan/plugins/heuristic.js","statementMap":{"0":{"start":{"line":5,"column":21},"end":{"line":22,"column":1}},"1":{"start":{"line":30,"column":2},"end":{"line":30,"column":50}},"2":{"start":{"line":30,"column":41},"end":{"line":30,"column":50}},"3":{"start":{"line":31,"column":2},"end":{"line":34,"column":8}},"4":{"start":{"line":32,"column":20},"end":{"line":32,"column":39}},"5":{"start":{"line":33,"column":4},"end":{"line":33,"column":50}},"6":{"start":{"line":38,"column":22},"end":{"line":38,"column":33}},"7":{"start":{"line":41,"column":4},"end":{"line":41,"column":16}},"8":{"start":{"line":45,"column":21},"end":{"line":45,"column":23}},"9":{"start":{"line":46,"column":18},"end":{"line":46,"column":37}},"10":{"start":{"line":48,"column":4},"end":{"line":61,"column":5}},"11":{"start":{"line":49,"column":6},"end":{"line":60,"column":7}},"12":{"start":{"line":49,"column":19},"end":{"line":49,"column":20}},"13":{"start":{"line":50,"column":8},"end":{"line":59,"column":9}},"14":{"start":{"line":51,"column":10},"end":{"line":58,"column":13}},"15":{"start":{"line":62,"column":4},"end":{"line":62,"column":20}}},"fnMap":{"0":{"name":"heuristicBadness","decl":{"start":{"line":29,"column":9},"end":{"line":29,"column":25}},"loc":{"start":{"line":29,"column":32},"end":{"line":35,"column":1}},"line":29},"1":{"name":"(anonymous_1)","decl":{"start":{"line":31,"column":29},"end":{"line":31,"column":30}},"loc":{"start":{"line":31,"column":53},"end":{"line":34,"column":3}},"line":31},"2":{"name":"(anonymous_2)","decl":{"start":{"line":40,"column":2},"end":{"line":40,"column":3}},"loc":{"start":{"line":40,"column":19},"end":{"line":42,"column":3}},"line":40},"3":{"name":"(anonymous_3)","decl":{"start":{"line":44,"column":2},"end":{"line":44,"column":3}},"loc":{"start":{"line":44,"column":35},"end":{"line":63,"column":3}},"line":44}},"branchMap":{"0":{"loc":{"start":{"line":30,"column":2},"end":{"line":30,"column":50}},"type":"if","locations":[{"start":{"line":30,"column":2},"end":{"line":30,"column":50}},{"start":{},"end":{}}],"line":30},"1":{"loc":{"start":{"line":30,"column":6},"end":{"line":30,"column":39}},"type":"binary-expr","locations":[{"start":{"line":30,"column":6},"end":{"line":30,"column":30}},{"start":{"line":30,"column":34},"end":{"line":30,"column":39}}],"line":30},"2":{"loc":{"start":{"line":33,"column":20},"end":{"line":33,"column":48}},"type":"cond-expr","locations":[{"start":{"line":33,"column":30},"end":{"line":33,"column":44}},{"start":{"line":33,"column":47},"end":{"line":33,"column":48}}],"line":33},"3":{"loc":{"start":{"line":50,"column":8},"end":{"line":59,"column":9}},"type":"if","locations":[{"start":{"line":50,"column":8},"end":{"line":59,"column":9}},{"start":{},"end":{}}],"line":50}},"s":{"0":1,"1":0,"2":0,"3":0,"4":0,"5":0,"6":1,"7":0,"8":0,"9":0,"10":0,"11":0,"12":0,"13":0,"14":0,"15":0},"f":{"0":0,"1":0,"2":0,"3":0},"b":{"0":[0,0],"1":[0,0],"2":[0,0],"3":[0,0]},"inputSourceMap":null,"_coverageSchema":"1a1c01bbd47fc00a2c39e90264f33305004495a9","hash":"5bef208f0d23de4f335c542dd3f7478756937e2e"}
,"/Users/tommy/SonoTommy/carrot-scan/plugins/semgrep.js": {"path":"/Users/tommy/SonoTommy/carrot-scan/plugins/semgrep.js","statementMap":{"0":{"start":{"line":6,"column":13},"end":{"line":6,"column":32}},"1":{"start":{"line":9,"column":22},"end":{"line":9,"column":31}},"2":{"start":{"line":12,"column":16},"end":{"line":12,"column":38}},"3":{"start":{"line":13,"column":4},"end":{"line":13,"column":179}},"4":{"start":{"line":17,"column":4},"end":{"line":38,"column":5}},"5":{"start":{"line":18,"column":18},"end":{"line":18,"column":66}},"6":{"start":{"line":19,"column":19},"end":{"line":19,"column":90}},"7":{"start":{"line":20,"column":25},"end":{"line":20,"column":99}},"8":{"start":{"line":21,"column":21},"end":{"line":21,"column":39}},"9":{"start":{"line":22,"column":23},"end":{"line":22,"column":25}},"10":{"start":{"line":23,"column":6},"end":{"line":34,"column":7}},"11":{"start":{"line":24,"column":8},"end":{"line":33,"column":9}},"12":{"start":{"line":25,"column":10},"end":{"line":32,"column":13}},"13":{"start":{"line":35,"column":6},"end":{"line":35,"column":22}},"14":{"start":{"line":39,"column":4},"end":{"line":39,"column":14}}},"fnMap":{"0":{"name":"(anonymous_0)","decl":{"start":{"line":11,"column":2},"end":{"line":11,"column":3}},"loc":{"start":{"line":11,"column":27},"end":{"line":14,"column":3}},"line":11},"1":{"name":"(anonymous_1)","decl":{"start":{"line":16,"column":2},"end":{"line":16,"column":3}},"loc":{"start":{"line":16,"column":35},"end":{"line":40,"column":3}},"line":16}},"branchMap":{"0":{"loc":{"start":{"line":18,"column":18},"end":{"line":18,"column":66}},"type":"cond-expr","locations":[{"start":{"line":18,"column":49},"end":{"line":18,"column":58}},{"start":{"line":18,"column":61},"end":{"line":18,"column":66}}],"line":18},"1":{"loc":{"start":{"line":23,"column":6},"end":{"line":34,"column":7}},"type":"if","locations":[{"start":{"line":23,"column":6},"end":{"line":34,"column":7}},{"start":{},"end":{}}],"line":23}},"s":{"0":1,"1":1,"2":0,"3":0,"4":0,"5":0,"6":0,"7":0,"8":0,"9":0,"10":0,"11":0,"12":0,"13":0,"14":0},"f":{"0":0,"1":0},"b":{"0":[0,0],"1":[0,0]},"inputSourceMap":null,"_coverageSchema":"1a1c01bbd47fc00a2c39e90264f33305004495a9","hash":"3a7705963700c55dca88616e6d7d546ab3faeda6"}
,"/Users/tommy/SonoTommy/carrot-scan/plugins/xray.js": {"path":"/Users/tommy/SonoTommy/carrot-scan/plugins/xray.js","statementMap":{"0":{"start":{"line":6,"column":21},"end":{"line":6,"column":38}},"1":{"start":{"line":9,"column":22},"end":{"line":9,"column":28}},"2":{"start":{"line":12,"column":4},"end":{"line":12,"column":91}},"3":{"start":{"line":16,"column":25},"end":{"line":16,"column":65}},"4":{"start":{"line":17,"column":21},"end":{"line":17,"column":23}},"5":{"start":{"line":18,"column":4},"end":{"line":29,"column":5}},"6":{"start":{"line":19,"column":6},"end":{"line":28,"column":7}},"7":{"start":{"line":20,"column":8},"end":{"line":27,"column":11}},"8":{"start":{"line":30,"column":4},"end":{"line":30,"column":20}}},"fnMap":{"0":{"name":"(anonymous_0)","decl":{"start":{"line":11,"column":2},"end":{"line":11,"column":3}},"loc":{"start":{"line":11,"column":27},"end":{"line":13,"column":3}},"line":11},"1":{"name":"(anonymous_1)","decl":{"start":{"line":15,"column":2},"end":{"line":15,"column":3}},"loc":{"start":{"line":15,"column":32},"end":{"line":31,"column":3}},"line":15}},"branchMap":{"0":{"loc":{"start":{"line":18,"column":4},"end":{"line":29,"column":5}},"type":"if","locations":[{"start":{"line":18,"column":4},"end":{"line":29,"column":5}},{"start":{},"end":{}}],"line":18},"1":{"loc":{"start":{"line":18,"column":8},"end":{"line":18,"column":39}},"type":"binary-expr","locations":[{"start":{"line":18,"column":8},"end":{"line":18,"column":16}},{"start":{"line":18,"column":20},"end":{"line":18,"column":39}}],"line":18},"2":{"loc":{"start":{"line":23,"column":16},"end":{"line":23,"column":66}},"type":"cond-expr","locations":[{"start":{"line":23,"column":35},"end":{"line":23,"column":62}},{"start":{"line":23,"column":65},"end":{"line":23,"column":66}}],"line":23},"3":{"loc":{"start":{"line":24,"column":18},"end":{"line":24,"column":70}},"type":"cond-expr","locations":[{"start":{"line":24,"column":37},"end":{"line":24,"column":66}},{"start":{"line":24,"column":69},"end":{"line":24,"column":70}}],"line":24}},"s":{"0":1,"1":1,"2":0,"3":0,"4":0,"5":0,"6":0,"7":0,"8":0},"f":{"0":0,"1":0},"b":{"0":[0,0],"1":[0,0],"2":[0,0],"3":[0,0]},"inputSourceMap":null,"_coverageSchema":"1a1c01bbd47fc00a2c39e90264f33305004495a9","hash":"1b650a38d7b2ff63479d4a711081760aaf60f61c"}
,"/Users/tommy/SonoTommy/carrot-scan/src/plugin-interface.js": {"path":"/Users/tommy/SonoTommy/carrot-scan/src/plugin-interface.js","statementMap":{"0":{"start":{"line":25,"column":22},"end":{"line":25,"column":35}},"1":{"start":{"line":33,"column":4},"end":{"line":33,"column":17}},"2":{"start":{"line":43,"column":4},"end":{"line":43,"column":14}}},"fnMap":{"0":{"name":"(anonymous_0)","decl":{"start":{"line":32,"column":2},"end":{"line":32,"column":3}},"loc":{"start":{"line":32,"column":27},"end":{"line":34,"column":3}},"line":32},"1":{"name":"(anonymous_1)","decl":{"start":{"line":42,"column":2},"end":{"line":42,"column":3}},"loc":{"start":{"line":42,"column":35},"end":{"line":44,"column":3}},"line":42}},"branchMap":{},"s":{"0":1,"1":0,"2":0},"f":{"0":0,"1":0},"b":{},"inputSourceMap":null,"_coverageSchema":"1a1c01bbd47fc00a2c39e90264f33305004495a9","hash":"7ebc377361f789f5d12a2033a3b32c690f1790c9"}
}
