TN:
SF:scanner.js
FN:40,scan
FN:41,(anonymous_1)
FN:48,(anonymous_2)
FN:60,(anonymous_3)
FN:87,(anonymous_4)
FN:98,(anonymous_5)
FN:156,(anonymous_6)
FN:184,(anonymous_7)
FN:194,(anonymous_8)
FNF:9
FNH:3
FNDA:2,scan
FNDA:7,(anonymous_1)
FNDA:0,(anonymous_2)
FNDA:0,(anonymous_3)
FNDA:0,(anonymous_4)
FNDA:0,(anonymous_5)
FNDA:0,(anonymous_6)
FNDA:2,(anonymous_7)
FNDA:0,(anonymous_8)
DA:15,1
DA:25,1
DA:41,7
DA:42,2
DA:43,0
DA:46,2
DA:47,0
DA:48,0
DA:49,0
DA:50,0
DA:53,0
DA:55,0
DA:56,0
DA:60,0
DA:61,0
DA:63,0
DA:73,0
DA:74,0
DA:82,0
DA:85,0
DA:86,0
DA:87,0
DA:88,0
DA:89,0
DA:90,0
DA:91,0
DA:92,0
DA:93,0
DA:94,0
DA:97,0
DA:98,0
DA:99,0
DA:100,0
DA:108,0
DA:113,0
DA:114,0
DA:115,0
DA:116,0
DA:117,0
DA:118,0
DA:120,0
DA:123,0
DA:132,0
DA:141,0
DA:144,0
DA:148,2
DA:151,2
DA:152,0
DA:156,0
DA:157,0
DA:159,2
DA:170,2
DA:171,1
DA:182,1
DA:183,1
DA:184,2
DA:185,1
DA:187,1
DA:188,2
DA:189,2
DA:190,2
DA:193,1
DA:194,0
DA:195,0
DA:196,0
DA:209,1
DA:210,1
DA:211,1
DA:212,0
DA:213,0
DA:214,0
DA:216,1
DA:220,1
DA:230,1
LF:74
LH:25
BRDA:40,0,0,0
BRDA:40,1,0,1
BRDA:40,2,0,2
BRDA:40,3,0,2
BRDA:40,4,0,1
BRDA:41,5,0,1
BRDA:41,5,1,1
BRDA:42,6,0,0
BRDA:42,6,1,2
BRDA:42,7,0,2
BRDA:42,7,1,1
BRDA:46,8,0,0
BRDA:46,8,1,2
BRDA:55,9,0,0
BRDA:55,9,1,0
BRDA:55,10,0,0
BRDA:55,10,1,0
BRDA:63,11,0,0
BRDA:63,11,1,0
BRDA:73,12,0,0
BRDA:73,12,1,0
BRDA:88,13,0,0
BRDA:88,13,1,0
BRDA:97,14,0,0
BRDA:97,14,1,0
BRDA:99,15,0,0
BRDA:99,15,1,0
BRDA:116,16,0,0
BRDA:116,16,1,0
BRDA:118,17,0,0
BRDA:118,17,1,0
BRDA:123,18,0,0
BRDA:123,18,1,0
BRDA:125,19,0,0
BRDA:125,19,1,0
BRDA:127,20,0,0
BRDA:127,20,1,0
BRDA:129,21,0,0
BRDA:129,21,1,0
BRDA:138,22,0,0
BRDA:138,22,1,0
BRDA:138,23,0,0
BRDA:138,23,1,0
BRDA:151,24,0,0
BRDA:151,24,1,2
BRDA:151,25,0,2
BRDA:151,25,1,0
BRDA:159,26,0,2
BRDA:159,26,1,0
BRDA:170,27,0,1
BRDA:170,27,1,1
BRDA:185,28,0,0
BRDA:185,28,1,1
BRDA:193,29,0,0
BRDA:193,29,1,1
BRDA:195,30,0,0
BRDA:195,30,1,0
BRDA:212,31,0,0
BRDA:212,31,1,0
BRDA:214,32,0,0
BRDA:214,32,1,0
BRDA:220,33,0,1
BRDA:220,33,1,0
BRDA:222,34,0,0
BRDA:222,34,1,0
BRDA:224,35,0,0
BRDA:224,35,1,0
BRDA:226,36,0,0
BRDA:226,36,1,0
BRDA:236,37,0,0
BRDA:236,37,1,1
BRDA:236,38,0,0
BRDA:236,38,1,1
BRF:73
BRH:20
end_of_record
TN:
SF:plugins/audit.js
FN:8,runNpmAudit
FN:30,(anonymous_1)
FN:34,(anonymous_2)
FNF:3
FNH:0
FNDA:0,runNpmAudit
FNDA:0,(anonymous_1)
FNDA:0,(anonymous_2)
DA:6,1
DA:9,0
DA:10,0
DA:11,0
DA:12,0
DA:13,0
DA:14,0
DA:15,0
DA:16,0
DA:17,0
DA:18,0
DA:19,0
DA:21,0
DA:23,0
DA:28,1
DA:31,0
DA:35,0
DA:36,0
DA:37,0
LF:19
LH:2
BRDA:12,0,0,0
BRDA:12,0,1,0
BRDA:17,1,0,0
BRDA:17,1,1,0
BRDA:18,2,0,0
BRDA:18,2,1,0
BRDA:19,3,0,0
BRDA:19,3,1,0
BRDA:36,4,0,0
BRDA:36,4,1,0
BRDA:36,5,0,0
BRDA:36,5,1,0
BRF:12
BRH:0
end_of_record
TN:
SF:plugins/complexity.js
FN:9,(anonymous_0)
FN:13,(anonymous_1)
FNF:2
FNH:0
FNDA:0,(anonymous_0)
FNDA:0,(anonymous_1)
DA:7,1
DA:10,0
DA:14,0
DA:15,0
DA:16,0
DA:17,0
DA:18,0
DA:19,0
DA:29,0
LF:9
LH:1
BRDA:18,0,0,0
BRDA:18,0,1,0
BRF:2
BRH:0
end_of_record
TN:
SF:plugins/critical.js
FN:7,(anonymous_0)
FN:11,(anonymous_1)
FNF:2
FNH:0
FNDA:0,(anonymous_0)
FNDA:0,(anonymous_1)
DA:5,1
DA:8,0
DA:12,0
DA:17,0
DA:18,0
DA:20,0
DA:21,0
DA:22,0
DA:23,0
DA:34,0
LF:10
LH:1
BRDA:22,0,0,0
BRDA:22,0,1,0
BRF:2
BRH:0
end_of_record
TN:
SF:plugins/eslint.js
FN:15,(anonymous_0)
FN:19,(anonymous_1)
FN:24,(anonymous_2)
FNF:3
FNH:3
FNDA:2,(anonymous_0)
FNDA:2,(anonymous_1)
FNDA:2,(anonymous_2)
DA:7,1
DA:8,1
DA:9,1
DA:10,1
DA:13,1
DA:16,2
DA:20,2
DA:21,2
DA:22,2
DA:23,2
DA:24,2
DA:25,2
DA:26,0
DA:40,2
LF:14
LH:13
BRDA:25,0,0,0
BRDA:25,0,1,2
BRF:2
BRH:1
end_of_record
TN:
SF:plugins/heuristic.js
FN:29,heuristicBadness
FN:31,(anonymous_1)
FN:40,(anonymous_2)
FN:44,(anonymous_3)
FNF:4
FNH:0
FNDA:0,heuristicBadness
FNDA:0,(anonymous_1)
FNDA:0,(anonymous_2)
FNDA:0,(anonymous_3)
DA:5,1
DA:30,0
DA:31,0
DA:32,0
DA:33,0
DA:38,1
DA:41,0
DA:45,0
DA:46,0
DA:48,0
DA:49,0
DA:50,0
DA:51,0
DA:62,0
LF:14
LH:2
BRDA:30,0,0,0
BRDA:30,0,1,0
BRDA:30,1,0,0
BRDA:30,1,1,0
BRDA:33,2,0,0
BRDA:33,2,1,0
BRDA:50,3,0,0
BRDA:50,3,1,0
BRF:8
BRH:0
end_of_record
TN:
SF:plugins/semgrep.js
FN:11,(anonymous_0)
FN:16,(anonymous_1)
FNF:2
FNH:0
FNDA:0,(anonymous_0)
FNDA:0,(anonymous_1)
DA:6,1
DA:9,1
DA:12,0
DA:13,0
DA:17,0
DA:18,0
DA:19,0
DA:20,0
DA:21,0
DA:22,0
DA:23,0
DA:24,0
DA:25,0
DA:35,0
DA:39,0
LF:15
LH:2
BRDA:18,0,0,0
BRDA:18,0,1,0
BRDA:23,1,0,0
BRDA:23,1,1,0
BRF:4
BRH:0
end_of_record
TN:
SF:plugins/xray.js
FN:11,(anonymous_0)
FN:15,(anonymous_1)
FNF:2
FNH:0
FNDA:0,(anonymous_0)
FNDA:0,(anonymous_1)
DA:6,1
DA:9,1
DA:12,0
DA:16,0
DA:17,0
DA:18,0
DA:19,0
DA:20,0
DA:30,0
LF:9
LH:2
BRDA:18,0,0,0
BRDA:18,0,1,0
BRDA:18,1,0,0
BRDA:18,1,1,0
BRDA:23,2,0,0
BRDA:23,2,1,0
BRDA:24,3,0,0
BRDA:24,3,1,0
BRF:8
BRH:0
end_of_record
TN:
SF:src/plugin-interface.js
FN:32,(anonymous_0)
FN:42,(anonymous_1)
FNF:2
FNH:0
FNDA:0,(anonymous_0)
FNDA:0,(anonymous_1)
DA:25,1
DA:33,0
DA:43,0
LF:3
LH:1
BRF:0
BRH:0
end_of_record
